Determining if the pthread_create exist failed with the following output:
Change Dir: /data/sysdir/home/sgt29/dihmm_py/CMakeFiles/CMakeTmp

Run Build Command:"/usr/bin/make" "cmTC_34762/fast"
/usr/bin/make -f CMakeFiles/cmTC_34762.dir/build.make CMakeFiles/cmTC_34762.dir/build
make[1]: Entering directory '/data/sysdir/home/sgt29/dihmm_py/CMakeFiles/CMakeTmp'
Building C object CMakeFiles/cmTC_34762.dir/CheckSymbolExists.c.o
/usr/bin/cc    -o CMakeFiles/cmTC_34762.dir/CheckSymbolExists.c.o   -c /data/sysdir/home/sgt29/dihmm_py/CMakeFiles/CMakeTmp/CheckSymbolExists.c
Linking C executable cmTC_34762
/usr/local/cmake-3.8.2/bin/cmake -E cmake_link_script CMakeFiles/cmTC_34762.dir/link.txt --verbose=1
/usr/bin/cc      -rdynamic CMakeFiles/cmTC_34762.dir/CheckSymbolExists.c.o  -o cmTC_34762 
CMakeFiles/cmTC_34762.dir/CheckSymbolExists.c.o: In function `main':
CheckSymbolExists.c:(.text+0x16): undefined reference to `pthread_create'
collect2: error: ld returned 1 exit status
CMakeFiles/cmTC_34762.dir/build.make:97: recipe for target 'cmTC_34762' failed
make[1]: *** [cmTC_34762] Error 1
make[1]: Leaving directory '/data/sysdir/home/sgt29/dihmm_py/CMakeFiles/CMakeTmp'
Makefile:126: recipe for target 'cmTC_34762/fast' failed
make: *** [cmTC_34762/fast] Error 2

File /data/sysdir/home/sgt29/dihmm_py/CMakeFiles/CMakeTmp/CheckSymbolExists.c:
/* */
#include <pthread.h>

int main(int argc, char** argv)
{
  (void)argv;
#ifndef pthread_create
  return ((int*)(&pthread_create))[argc];
#else
  (void)argc;
  return 0;
#endif
}

Determining if the function pthread_create exists in the pthreads failed with the following output:
Change Dir: /data/sysdir/home/sgt29/dihmm_py/CMakeFiles/CMakeTmp

Run Build Command:"/usr/bin/make" "cmTC_bd4cd/fast"
/usr/bin/make -f CMakeFiles/cmTC_bd4cd.dir/build.make CMakeFiles/cmTC_bd4cd.dir/build
make[1]: Entering directory '/data/sysdir/home/sgt29/dihmm_py/CMakeFiles/CMakeTmp'
Building C object CMakeFiles/cmTC_bd4cd.dir/CheckFunctionExists.c.o
/usr/bin/cc   -DCHECK_FUNCTION_EXISTS=pthread_create   -o CMakeFiles/cmTC_bd4cd.dir/CheckFunctionExists.c.o   -c /usr/local/cmake-3.8.2/share/cmake-3.8/Modules/CheckFunctionExists.c
Linking C executable cmTC_bd4cd
/usr/local/cmake-3.8.2/bin/cmake -E cmake_link_script CMakeFiles/cmTC_bd4cd.dir/link.txt --verbose=1
/usr/bin/cc  -DCHECK_FUNCTION_EXISTS=pthread_create    -rdynamic CMakeFiles/cmTC_bd4cd.dir/CheckFunctionExists.c.o  -o cmTC_bd4cd -lpthreads 
/usr/bin/ld: cannot find -lpthreads
collect2: error: ld returned 1 exit status
CMakeFiles/cmTC_bd4cd.dir/build.make:97: recipe for target 'cmTC_bd4cd' failed
make[1]: *** [cmTC_bd4cd] Error 1
make[1]: Leaving directory '/data/sysdir/home/sgt29/dihmm_py/CMakeFiles/CMakeTmp'
Makefile:126: recipe for target 'cmTC_bd4cd/fast' failed
make: *** [cmTC_bd4cd/fast] Error 2


Determining if the pthread_create exist failed with the following output:
Change Dir: /data/sysdir/home/sgt29/dihmm_py/CMakeFiles/CMakeTmp

Run Build Command:"/usr/bin/make" "cmTC_f535a/fast"
/usr/bin/make -f CMakeFiles/cmTC_f535a.dir/build.make CMakeFiles/cmTC_f535a.dir/build
make[1]: Entering directory '/data/sysdir/home/sgt29/dihmm_py/CMakeFiles/CMakeTmp'
Building C object CMakeFiles/cmTC_f535a.dir/CheckSymbolExists.c.o
/usr/bin/cc    -o CMakeFiles/cmTC_f535a.dir/CheckSymbolExists.c.o   -c /data/sysdir/home/sgt29/dihmm_py/CMakeFiles/CMakeTmp/CheckSymbolExists.c
Linking C executable cmTC_f535a
/usr/local/cmake-3.8.2/bin/cmake -E cmake_link_script CMakeFiles/cmTC_f535a.dir/link.txt --verbose=1
/usr/bin/cc      -rdynamic CMakeFiles/cmTC_f535a.dir/CheckSymbolExists.c.o  -o cmTC_f535a 
CMakeFiles/cmTC_f535a.dir/CheckSymbolExists.c.o: In function `main':
CheckSymbolExists.c:(.text+0x16): undefined reference to `pthread_create'
collect2: error: ld returned 1 exit status
CMakeFiles/cmTC_f535a.dir/build.make:97: recipe for target 'cmTC_f535a' failed
make[1]: *** [cmTC_f535a] Error 1
make[1]: Leaving directory '/data/sysdir/home/sgt29/dihmm_py/CMakeFiles/CMakeTmp'
Makefile:126: recipe for target 'cmTC_f535a/fast' failed
make: *** [cmTC_f535a/fast] Error 2

File /data/sysdir/home/sgt29/dihmm_py/CMakeFiles/CMakeTmp/CheckSymbolExists.c:
/* */
#include <pthread.h>

int main(int argc, char** argv)
{
  (void)argv;
#ifndef pthread_create
  return ((int*)(&pthread_create))[argc];
#else
  (void)argc;
  return 0;
#endif
}

Determining if the function pthread_create exists in the pthreads failed with the following output:
Change Dir: /data/sysdir/home/sgt29/dihmm_py/CMakeFiles/CMakeTmp

Run Build Command:"/usr/bin/make" "cmTC_e97a5/fast"
/usr/bin/make -f CMakeFiles/cmTC_e97a5.dir/build.make CMakeFiles/cmTC_e97a5.dir/build
make[1]: Entering directory '/data/sysdir/home/sgt29/dihmm_py/CMakeFiles/CMakeTmp'
Building C object CMakeFiles/cmTC_e97a5.dir/CheckFunctionExists.c.o
/usr/bin/cc   -DCHECK_FUNCTION_EXISTS=pthread_create   -o CMakeFiles/cmTC_e97a5.dir/CheckFunctionExists.c.o   -c /usr/local/cmake-3.8.2/share/cmake-3.8/Modules/CheckFunctionExists.c
Linking C executable cmTC_e97a5
/usr/local/cmake-3.8.2/bin/cmake -E cmake_link_script CMakeFiles/cmTC_e97a5.dir/link.txt --verbose=1
/usr/bin/cc  -DCHECK_FUNCTION_EXISTS=pthread_create    -rdynamic CMakeFiles/cmTC_e97a5.dir/CheckFunctionExists.c.o  -o cmTC_e97a5 -lpthreads 
/usr/bin/ld: cannot find -lpthreads
collect2: error: ld returned 1 exit status
CMakeFiles/cmTC_e97a5.dir/build.make:97: recipe for target 'cmTC_e97a5' failed
make[1]: *** [cmTC_e97a5] Error 1
make[1]: Leaving directory '/data/sysdir/home/sgt29/dihmm_py/CMakeFiles/CMakeTmp'
Makefile:126: recipe for target 'cmTC_e97a5/fast' failed
make: *** [cmTC_e97a5/fast] Error 2


